[debug] [2018-10-30T09:59:36.287Z] ----------------------------------------------------------------------
[debug] [2018-10-30T09:59:36.289Z] Command:       /usr/local/bin/node /usr/local/bin/firebase serve
[debug] [2018-10-30T09:59:36.289Z] CLI Version:   6.0.0
[debug] [2018-10-30T09:59:36.290Z] Platform:      darwin
[debug] [2018-10-30T09:59:36.290Z] Node Version:  v8.10.0
[debug] [2018-10-30T09:59:36.290Z] Time:          Tue Oct 30 2018 18:59:36 GMT+0900 (KST)
[debug] [2018-10-30T09:59:36.290Z] ----------------------------------------------------------------------
[debug] 
[debug] [2018-10-30T09:59:36.300Z] > command requires scopes: ["email","openid","https://www.googleapis.com/auth/cloudplatformprojects.readonly","https://www.googleapis.com/auth/firebase","https://www.googleapis.com/auth/cloud-platform"]
[debug] [2018-10-30T09:59:36.300Z] > authorizing via signed-in user
[debug] [2018-10-30T09:59:36.300Z] [iam] checking project svcdevhelpr for permissions ["firebase.projects.get"]
[debug] [2018-10-30T09:59:36.302Z] >>> HTTP REQUEST POST https://cloudresourcemanager.googleapis.com/v1/projects/svcdevhelpr:testIamPermissions  

[debug] [2018-10-30T09:59:37.272Z] <<< HTTP RESPONSE 200
[debug] [2018-10-30T09:59:37.273Z] >>> HTTP REQUEST GET https://cloudresourcemanager.googleapis.com/v1/projects/svcdevhelpr  
 
[debug] [2018-10-30T09:59:38.190Z] <<< HTTP RESPONSE 200
[info] 
[info] === Serving from '/Users/devhoho/Projects/svc-dev-helper'...
[info] 
[debug] [2018-10-30T09:59:38.191Z] >>> HTTP REQUEST GET https://mobilesdk-pa.googleapis.com/v1/projects/901811081275/clients/_:getWebAppConfig  
 
[debug] [2018-10-30T09:59:38.804Z] <<< HTTP RESPONSE 200
[info] i  hosting: Serving hosting files from: build
[info] ✔  hosting: Local server: http://localhost:5000
